<?xml version="1.0" encoding="UTF-8"?>
<!-- Generated by org.testng.reporters.JUnitReportReporter -->
<testsuite skipped="0" hostname="SARAVANANR" name="com.saravanan.USTTest.GoogleTest" tests="1" failures="0" timestamp="2021-09-25T13:38:37 IST" time="13.958" errors="0">
  <testcase name="TS001" time="13.958" classname="com.saravanan.USTTest.GoogleTest"/>
  <system-out/>
</testsuite> <!-- com.saravanan.USTTest.GoogleTest -->
